<?xml version="1.0" encoding="UTF-8"?>
<testsuite name="com.bridgelabz.MaximumValueTest" tests="1" skipped="0" failures="0" errors="0" timestamp="2021-06-12T18:50:16" hostname="aswin-laptop" time="0.021">
  <properties/>
  <testcase name="givenStringValuesWithOptionalValue_WhenCompared_ReturnsMaxValue" classname="com.bridgelabz.MaximumValueTest" time="0.021"/>
  <system-out><![CDATA[Maximum of Peach,Apple,Banana,yellow,is:yellow
]]></system-out>
  <system-err><![CDATA[]]></system-err>
</testsuite>
